  controller.cpp
c:\users\wonjae yun\yun_ws\panda_control_vrep_template\3rdparty\rbdl\include\rbdl\spatialalgebraoperators.h(133): warning C4251: 'RigidBodyDynamics::Math::SpatialRigidBodyInertia::h': class 'Vector3_t'에서는 struct 'RigidBodyDynamics::Math::SpatialRigidBodyInertia'의 클라이언트에서 DLL 인터페이스를 사용하도록 지정해야 합니다.
  c:\users\wonjae yun\yun_ws\panda_control_vrep_template\3rdparty\rbdl\include\rbdl\rbdl_eigenmath.h(21): note: 'Vector3_t' 선언을 참조하십시오.
c:\users\wonjae yun\yun_ws\panda_control_vrep_template\3rdparty\rbdl\include\rbdl\spatialalgebraoperators.h(311): warning C4251: 'RigidBodyDynamics::Math::SpatialTransform::E': class 'Matrix3_t'에서는 struct 'RigidBodyDynamics::Math::SpatialTransform'의 클라이언트에서 DLL 인터페이스를 사용하도록 지정해야 합니다.
  c:\users\wonjae yun\yun_ws\panda_control_vrep_template\3rdparty\rbdl\include\rbdl\rbdl_eigenmath.h(58): note: 'Matrix3_t' 선언을 참조하십시오.
c:\users\wonjae yun\yun_ws\panda_control_vrep_template\3rdparty\rbdl\include\rbdl\spatialalgebraoperators.h(312): warning C4251: 'RigidBodyDynamics::Math::SpatialTransform::r': class 'Vector3_t'에서는 struct 'RigidBodyDynamics::Math::SpatialTransform'의 클라이언트에서 DLL 인터페이스를 사용하도록 지정해야 합니다.
  c:\users\wonjae yun\yun_ws\panda_control_vrep_template\3rdparty\rbdl\include\rbdl\rbdl_eigenmath.h(21): note: 'Vector3_t' 선언을 참조하십시오.
c:\users\wonjae yun\yun_ws\panda_control_vrep_template\3rdparty\rbdl\include\rbdl\logging.h(71): warning C4251: 'LoggingGuard::log_backup': class 'std::basic_ostringstream<char,std::char_traits<char>,std::allocator<char>>'에서는 class 'LoggingGuard'의 클라이언트에서 DLL 인터페이스를 사용하도록 지정해야 합니다.
  c:\program files (x86)\microsoft visual studio\2017\community\vc\tools\msvc\14.14.26428\include\iosfwd(605): note: 'std::basic_ostringstream<char,std::char_traits<char>,std::allocator<char>>' 선언을 참조하십시오.
c:\users\wonjae yun\yun_ws\panda_control_vrep_template\3rdparty\rbdl\include\rbdl\body.h(176): warning C4251: 'RigidBodyDynamics::Body::mCenterOfMass': class 'Vector3_t'에서는 struct 'RigidBodyDynamics::Body'의 클라이언트에서 DLL 인터페이스를 사용하도록 지정해야 합니다.
  c:\users\wonjae yun\yun_ws\panda_control_vrep_template\3rdparty\rbdl\include\rbdl\rbdl_eigenmath.h(21): note: 'Vector3_t' 선언을 참조하십시오.
c:\users\wonjae yun\yun_ws\panda_control_vrep_template\3rdparty\rbdl\include\rbdl\body.h(178): warning C4251: 'RigidBodyDynamics::Body::mInertia': class 'Matrix3_t'에서는 struct 'RigidBodyDynamics::Body'의 클라이언트에서 DLL 인터페이스를 사용하도록 지정해야 합니다.
  c:\users\wonjae yun\yun_ws\panda_control_vrep_template\3rdparty\rbdl\include\rbdl\rbdl_eigenmath.h(58): note: 'Matrix3_t' 선언을 참조하십시오.
c:\users\wonjae yun\yun_ws\panda_control_vrep_template\3rdparty\rbdl\include\rbdl\body.h(193): warning C4251: 'RigidBodyDynamics::FixedBody::mCenterOfMass': class 'Vector3_t'에서는 struct 'RigidBodyDynamics::FixedBody'의 클라이언트에서 DLL 인터페이스를 사용하도록 지정해야 합니다.
  c:\users\wonjae yun\yun_ws\panda_control_vrep_template\3rdparty\rbdl\include\rbdl\rbdl_eigenmath.h(21): note: 'Vector3_t' 선언을 참조하십시오.
c:\users\wonjae yun\yun_ws\panda_control_vrep_template\3rdparty\rbdl\include\rbdl\body.h(195): warning C4251: 'RigidBodyDynamics::FixedBody::mInertia': class 'Matrix3_t'에서는 struct 'RigidBodyDynamics::FixedBody'의 클라이언트에서 DLL 인터페이스를 사용하도록 지정해야 합니다.
  c:\users\wonjae yun\yun_ws\panda_control_vrep_template\3rdparty\rbdl\include\rbdl\rbdl_eigenmath.h(58): note: 'Matrix3_t' 선언을 참조하십시오.
c:\users\wonjae yun\yun_ws\panda_control_vrep_template\3rdparty\rbdl\include\rbdl\joint.h(300): warning C4018: '<': signed 또는 unsigned가 일치하지 않습니다.
c:\users\wonjae yun\yun_ws\panda_control_vrep_template\3rdparty\rbdl\include\rbdl\joint.h(678): warning C4251: 'RigidBodyDynamics::CustomJoint::S': class 'Eigen::Matrix<double,-1,-1,0,-1,-1>'에서는 struct 'RigidBodyDynamics::CustomJoint'의 클라이언트에서 DLL 인터페이스를 사용하도록 지정해야 합니다.
  c:\users\wonjae yun\yun_ws\panda_control_vrep_template\3rdparty\eigen\eigen\src\core\matrix.h(451): note: 'Eigen::Matrix<double,-1,-1,0,-1,-1>' 선언을 참조하십시오.
c:\users\wonjae yun\yun_ws\panda_control_vrep_template\3rdparty\rbdl\include\rbdl\joint.h(679): warning C4251: 'RigidBodyDynamics::CustomJoint::U': class 'Eigen::Matrix<double,-1,-1,0,-1,-1>'에서는 struct 'RigidBodyDynamics::CustomJoint'의 클라이언트에서 DLL 인터페이스를 사용하도록 지정해야 합니다.
  c:\users\wonjae yun\yun_ws\panda_control_vrep_template\3rdparty\eigen\eigen\src\core\matrix.h(451): note: 'Eigen::Matrix<double,-1,-1,0,-1,-1>' 선언을 참조하십시오.
c:\users\wonjae yun\yun_ws\panda_control_vrep_template\3rdparty\rbdl\include\rbdl\joint.h(680): warning C4251: 'RigidBodyDynamics::CustomJoint::Dinv': class 'Eigen::Matrix<double,-1,-1,0,-1,-1>'에서는 struct 'RigidBodyDynamics::CustomJoint'의 클라이언트에서 DLL 인터페이스를 사용하도록 지정해야 합니다.
  c:\users\wonjae yun\yun_ws\panda_control_vrep_template\3rdparty\eigen\eigen\src\core\matrix.h(451): note: 'Eigen::Matrix<double,-1,-1,0,-1,-1>' 선언을 참조하십시오.
c:\users\wonjae yun\yun_ws\panda_control_vrep_template\3rdparty\rbdl\include\rbdl\joint.h(681): warning C4251: 'RigidBodyDynamics::CustomJoint::u': class 'Eigen::Matrix<double,-1,1,0,-1,1>'에서는 struct 'RigidBodyDynamics::CustomJoint'의 클라이언트에서 DLL 인터페이스를 사용하도록 지정해야 합니다.
  c:\users\wonjae yun\yun_ws\panda_control_vrep_template\3rdparty\eigen\eigen\src\core\matrix.h(451): note: 'Eigen::Matrix<double,-1,1,0,-1,1>' 선언을 참조하십시오.
c:\users\wonjae yun\yun_ws\panda_control_vrep_template\3rdparty\rbdl\include\rbdl\joint.h(682): warning C4251: 'RigidBodyDynamics::CustomJoint::d_u': class 'Eigen::Matrix<double,-1,1,0,-1,1>'에서는 struct 'RigidBodyDynamics::CustomJoint'의 클라이언트에서 DLL 인터페이스를 사용하도록 지정해야 합니다.
  c:\users\wonjae yun\yun_ws\panda_control_vrep_template\3rdparty\eigen\eigen\src\core\matrix.h(451): note: 'Eigen::Matrix<double,-1,1,0,-1,1>' 선언을 참조하십시오.
c:\users\wonjae yun\yun_ws\panda_control_vrep_template\3rdparty\rbdl\include\rbdl\model.h(127): warning C4251: 'RigidBodyDynamics::Model::lambda': class 'std::vector<unsigned int,std::allocator<_Ty>>'에서는 struct 'RigidBodyDynamics::Model'의 클라이언트에서 DLL 인터페이스를 사용하도록 지정해야 합니다.
          with
          [
              _Ty=unsigned int
          ]
  c:\users\wonjae yun\yun_ws\panda_control_vrep_template\3rdparty\rbdl\include\rbdl\model.h(127): note: 'std::vector<unsigned int,std::allocator<_Ty>>' 선언을 참조하십시오.
          with
          [
              _Ty=unsigned int
          ]
c:\users\wonjae yun\yun_ws\panda_control_vrep_template\3rdparty\rbdl\include\rbdl\model.h(130): warning C4251: 'RigidBodyDynamics::Model::lambda_q': class 'std::vector<unsigned int,std::allocator<_Ty>>'에서는 struct 'RigidBodyDynamics::Model'의 클라이언트에서 DLL 인터페이스를 사용하도록 지정해야 합니다.
          with
          [
              _Ty=unsigned int
          ]
  c:\users\wonjae yun\yun_ws\panda_control_vrep_template\3rdparty\rbdl\include\rbdl\model.h(127): note: 'std::vector<unsigned int,std::allocator<_Ty>>' 선언을 참조하십시오.
          with
          [
              _Ty=unsigned int
          ]
c:\users\wonjae yun\yun_ws\panda_control_vrep_template\3rdparty\rbdl\include\rbdl\model.h(132): warning C4251: 'RigidBodyDynamics::Model::mu': class 'std::vector<std::vector<unsigned int,std::allocator<_Ty>>,std::allocator<std::vector<_Ty,std::allocator<_Ty>>>>'에서는 struct 'RigidBodyDynamics::Model'의 클라이언트에서 DLL 인터페이스를 사용하도록 지정해야 합니다.
          with
          [
              _Ty=unsigned int
          ]
  c:\users\wonjae yun\yun_ws\panda_control_vrep_template\3rdparty\rbdl\include\rbdl\model.h(132): note: 'std::vector<std::vector<unsigned int,std::allocator<_Ty>>,std::allocator<std::vector<_Ty,std::allocator<_Ty>>>>' 선언을 참조하십시오.
          with
          [
              _Ty=unsigned int
          ]
c:\users\wonjae yun\yun_ws\panda_control_vrep_template\3rdparty\rbdl\include\rbdl\model.h(162): warning C4251: 'RigidBodyDynamics::Model::gravity': class 'Vector3_t'에서는 struct 'RigidBodyDynamics::Model'의 클라이언트에서 DLL 인터페이스를 사용하도록 지정해야 합니다.
  c:\users\wonjae yun\yun_ws\panda_control_vrep_template\3rdparty\rbdl\include\rbdl\rbdl_eigenmath.h(21): note: 'Vector3_t' 선언을 참조하십시오.
c:\users\wonjae yun\yun_ws\panda_control_vrep_template\3rdparty\rbdl\include\rbdl\model.h(166): warning C4251: 'RigidBodyDynamics::Model::v': class 'std::vector<RigidBodyDynamics::Math::SpatialVector,std::allocator<_Ty>>'에서는 struct 'RigidBodyDynamics::Model'의 클라이언트에서 DLL 인터페이스를 사용하도록 지정해야 합니다.
          with
          [
              _Ty=RigidBodyDynamics::Math::SpatialVector
          ]
  c:\users\wonjae yun\yun_ws\panda_control_vrep_template\3rdparty\rbdl\include\rbdl\model.h(166): note: 'std::vector<RigidBodyDynamics::Math::SpatialVector,std::allocator<_Ty>>' 선언을 참조하십시오.
          with
          [
              _Ty=RigidBodyDynamics::Math::SpatialVector
          ]
c:\users\wonjae yun\yun_ws\panda_control_vrep_template\3rdparty\rbdl\include\rbdl\model.h(168): warning C4251: 'RigidBodyDynamics::Model::a': class 'std::vector<RigidBodyDynamics::Math::SpatialVector,std::allocator<_Ty>>'에서는 struct 'RigidBodyDynamics::Model'의 클라이언트에서 DLL 인터페이스를 사용하도록 지정해야 합니다.
          with
          [
              _Ty=RigidBodyDynamics::Math::SpatialVector
          ]
  c:\users\wonjae yun\yun_ws\panda_control_vrep_template\3rdparty\rbdl\include\rbdl\model.h(166): note: 'std::vector<RigidBodyDynamics::Math::SpatialVector,std::allocator<_Ty>>' 선언을 참조하십시오.
          with
          [
              _Ty=RigidBodyDynamics::Math::SpatialVector
          ]
c:\users\wonjae yun\yun_ws\panda_control_vrep_template\3rdparty\rbdl\include\rbdl\model.h(175): warning C4251: 'RigidBodyDynamics::Model::mJoints': class 'std::vector<RigidBodyDynamics::Joint,std::allocator<_Ty>>'에서는 struct 'RigidBodyDynamics::Model'의 클라이언트에서 DLL 인터페이스를 사용하도록 지정해야 합니다.
          with
          [
              _Ty=RigidBodyDynamics::Joint
          ]
  c:\users\wonjae yun\yun_ws\panda_control_vrep_template\3rdparty\rbdl\include\rbdl\model.h(175): note: 'std::vector<RigidBodyDynamics::Joint,std::allocator<_Ty>>' 선언을 참조하십시오.
          with
          [
              _Ty=RigidBodyDynamics::Joint
          ]
c:\users\wonjae yun\yun_ws\panda_control_vrep_template\3rdparty\rbdl\include\rbdl\model.h(177): warning C4251: 'RigidBodyDynamics::Model::S': class 'std::vector<RigidBodyDynamics::Math::SpatialVector,std::allocator<_Ty>>'에서는 struct 'RigidBodyDynamics::Model'의 클라이언트에서 DLL 인터페이스를 사용하도록 지정해야 합니다.
          with
          [
              _Ty=RigidBodyDynamics::Math::SpatialVector
          ]
  c:\users\wonjae yun\yun_ws\panda_control_vrep_template\3rdparty\rbdl\include\rbdl\model.h(166): note: 'std::vector<RigidBodyDynamics::Math::SpatialVector,std::allocator<_Ty>>' 선언을 참조하십시오.
          with
          [
              _Ty=RigidBodyDynamics::Math::SpatialVector
          ]
c:\users\wonjae yun\yun_ws\panda_control_vrep_template\3rdparty\rbdl\include\rbdl\model.h(180): warning C4251: 'RigidBodyDynamics::Model::X_J': class 'std::vector<RigidBodyDynamics::Math::SpatialTransform,std::allocator<_Ty>>'에서는 struct 'RigidBodyDynamics::Model'의 클라이언트에서 DLL 인터페이스를 사용하도록 지정해야 합니다.
          with
          [
              _Ty=RigidBodyDynamics::Math::SpatialTransform
          ]
  c:\users\wonjae yun\yun_ws\panda_control_vrep_template\3rdparty\rbdl\include\rbdl\model.h(180): note: 'std::vector<RigidBodyDynamics::Math::SpatialTransform,std::allocator<_Ty>>' 선언을 참조하십시오.
          with
          [
              _Ty=RigidBodyDynamics::Math::SpatialTransform
          ]
c:\users\wonjae yun\yun_ws\panda_control_vrep_template\3rdparty\rbdl\include\rbdl\model.h(181): warning C4251: 'RigidBodyDynamics::Model::v_J': class 'std::vector<RigidBodyDynamics::Math::SpatialVector,std::allocator<_Ty>>'에서는 struct 'RigidBodyDynamics::Model'의 클라이언트에서 DLL 인터페이스를 사용하도록 지정해야 합니다.
          with
          [
              _Ty=RigidBodyDynamics::Math::SpatialVector
          ]
  c:\users\wonjae yun\yun_ws\panda_control_vrep_template\3rdparty\rbdl\include\rbdl\model.h(166): note: 'std::vector<RigidBodyDynamics::Math::SpatialVector,std::allocator<_Ty>>' 선언을 참조하십시오.
          with
          [
              _Ty=RigidBodyDynamics::Math::SpatialVector
          ]
c:\users\wonjae yun\yun_ws\panda_control_vrep_template\3rdparty\rbdl\include\rbdl\model.h(182): warning C4251: 'RigidBodyDynamics::Model::c_J': class 'std::vector<RigidBodyDynamics::Math::SpatialVector,std::allocator<_Ty>>'에서는 struct 'RigidBodyDynamics::Model'의 클라이언트에서 DLL 인터페이스를 사용하도록 지정해야 합니다.
          with
          [
              _Ty=RigidBodyDynamics::Math::SpatialVector
          ]
  c:\users\wonjae yun\yun_ws\panda_control_vrep_template\3rdparty\rbdl\include\rbdl\model.h(166): note: 'std::vector<RigidBodyDynamics::Math::SpatialVector,std::allocator<_Ty>>' 선언을 참조하십시오.
          with
          [
              _Ty=RigidBodyDynamics::Math::SpatialVector
          ]
c:\users\wonjae yun\yun_ws\panda_control_vrep_template\3rdparty\rbdl\include\rbdl\model.h(184): warning C4251: 'RigidBodyDynamics::Model::mJointUpdateOrder': class 'std::vector<unsigned int,std::allocator<_Ty>>'에서는 struct 'RigidBodyDynamics::Model'의 클라이언트에서 DLL 인터페이스를 사용하도록 지정해야 합니다.
          with
          [
              _Ty=unsigned int
          ]
  c:\users\wonjae yun\yun_ws\panda_control_vrep_template\3rdparty\rbdl\include\rbdl\model.h(127): note: 'std::vector<unsigned int,std::allocator<_Ty>>' 선언을 참조하십시오.
          with
          [
              _Ty=unsigned int
          ]
c:\users\wonjae yun\yun_ws\panda_control_vrep_template\3rdparty\rbdl\include\rbdl\model.h(188): warning C4251: 'RigidBodyDynamics::Model::X_T': class 'std::vector<RigidBodyDynamics::Math::SpatialTransform,std::allocator<_Ty>>'에서는 struct 'RigidBodyDynamics::Model'의 클라이언트에서 DLL 인터페이스를 사용하도록 지정해야 합니다.
          with
          [
              _Ty=RigidBodyDynamics::Math::SpatialTransform
          ]
  c:\users\wonjae yun\yun_ws\panda_control_vrep_template\3rdparty\rbdl\include\rbdl\model.h(180): note: 'std::vector<RigidBodyDynamics::Math::SpatialTransform,std::allocator<_Ty>>' 선언을 참조하십시오.
          with
          [
              _Ty=RigidBodyDynamics::Math::SpatialTransform
          ]
c:\users\wonjae yun\yun_ws\panda_control_vrep_template\3rdparty\rbdl\include\rbdl\model.h(191): warning C4251: 'RigidBodyDynamics::Model::mFixedJointCount': class 'std::vector<unsigned int,std::allocator<_Ty>>'에서는 struct 'RigidBodyDynamics::Model'의 클라이언트에서 DLL 인터페이스를 사용하도록 지정해야 합니다.
          with
          [
              _Ty=unsigned int
          ]
  c:\users\wonjae yun\yun_ws\panda_control_vrep_template\3rdparty\rbdl\include\rbdl\model.h(127): note: 'std::vector<unsigned int,std::allocator<_Ty>>' 선언을 참조하십시오.
          with
          [
              _Ty=unsigned int
          ]
c:\users\wonjae yun\yun_ws\panda_control_vrep_template\3rdparty\rbdl\include\rbdl\model.h(196): warning C4251: 'RigidBodyDynamics::Model::multdof3_S': class 'std::vector<RigidBodyDynamics::Math::Matrix63,std::allocator<_Ty>>'에서는 struct 'RigidBodyDynamics::Model'의 클라이언트에서 DLL 인터페이스를 사용하도록 지정해야 합니다.
          with
          [
              _Ty=RigidBodyDynamics::Math::Matrix63
          ]
  c:\users\wonjae yun\yun_ws\panda_control_vrep_template\3rdparty\rbdl\include\rbdl\model.h(196): note: 'std::vector<RigidBodyDynamics::Math::Matrix63,std::allocator<_Ty>>' 선언을 참조하십시오.
          with
          [
              _Ty=RigidBodyDynamics::Math::Matrix63
          ]
c:\users\wonjae yun\yun_ws\panda_control_vrep_template\3rdparty\rbdl\include\rbdl\model.h(197): warning C4251: 'RigidBodyDynamics::Model::multdof3_U': class 'std::vector<RigidBodyDynamics::Math::Matrix63,std::allocator<_Ty>>'에서는 struct 'RigidBodyDynamics::Model'의 클라이언트에서 DLL 인터페이스를 사용하도록 지정해야 합니다.
          with
          [
              _Ty=RigidBodyDynamics::Math::Matrix63
          ]
  c:\users\wonjae yun\yun_ws\panda_control_vrep_template\3rdparty\rbdl\include\rbdl\model.h(196): note: 'std::vector<RigidBodyDynamics::Math::Matrix63,std::allocator<_Ty>>' 선언을 참조하십시오.
          with
          [
              _Ty=RigidBodyDynamics::Math::Matrix63
          ]
c:\users\wonjae yun\yun_ws\panda_control_vrep_template\3rdparty\rbdl\include\rbdl\model.h(198): warning C4251: 'RigidBodyDynamics::Model::multdof3_Dinv': class 'std::vector<RigidBodyDynamics::Math::Matrix3d,std::allocator<_Ty>>'에서는 struct 'RigidBodyDynamics::Model'의 클라이언트에서 DLL 인터페이스를 사용하도록 지정해야 합니다.
          with
          [
              _Ty=RigidBodyDynamics::Math::Matrix3d
          ]
  c:\users\wonjae yun\yun_ws\panda_control_vrep_template\3rdparty\rbdl\include\rbdl\model.h(198): note: 'std::vector<RigidBodyDynamics::Math::Matrix3d,std::allocator<_Ty>>' 선언을 참조하십시오.
          with
          [
              _Ty=RigidBodyDynamics::Math::Matrix3d
          ]
c:\users\wonjae yun\yun_ws\panda_control_vrep_template\3rdparty\rbdl\include\rbdl\model.h(199): warning C4251: 'RigidBodyDynamics::Model::multdof3_u': class 'std::vector<RigidBodyDynamics::Math::Vector3d,std::allocator<_Ty>>'에서는 struct 'RigidBodyDynamics::Model'의 클라이언트에서 DLL 인터페이스를 사용하도록 지정해야 합니다.
          with
          [
              _Ty=RigidBodyDynamics::Math::Vector3d
          ]
  c:\users\wonjae yun\yun_ws\panda_control_vrep_template\3rdparty\rbdl\include\rbdl\model.h(199): note: 'std::vector<RigidBodyDynamics::Math::Vector3d,std::allocator<_Ty>>' 선언을 참조하십시오.
          with
          [
              _Ty=RigidBodyDynamics::Math::Vector3d
          ]
c:\users\wonjae yun\yun_ws\panda_control_vrep_template\3rdparty\rbdl\include\rbdl\model.h(200): warning C4251: 'RigidBodyDynamics::Model::multdof3_w_index': class 'std::vector<unsigned int,std::allocator<_Ty>>'에서는 struct 'RigidBodyDynamics::Model'의 클라이언트에서 DLL 인터페이스를 사용하도록 지정해야 합니다.
          with
          [
              _Ty=unsigned int
          ]
  c:\users\wonjae yun\yun_ws\panda_control_vrep_template\3rdparty\rbdl\include\rbdl\model.h(127): note: 'std::vector<unsigned int,std::allocator<_Ty>>' 선언을 참조하십시오.
          with
          [
              _Ty=unsigned int
          ]
c:\users\wonjae yun\yun_ws\panda_control_vrep_template\3rdparty\rbdl\include\rbdl\model.h(202): warning C4251: 'RigidBodyDynamics::Model::mCustomJoints': class 'std::vector<RigidBodyDynamics::CustomJoint *,std::allocator<_Ty>>'에서는 struct 'RigidBodyDynamics::Model'의 클라이언트에서 DLL 인터페이스를 사용하도록 지정해야 합니다.
          with
          [
              _Ty=RigidBodyDynamics::CustomJoint *
          ]
  c:\users\wonjae yun\yun_ws\panda_control_vrep_template\3rdparty\rbdl\include\rbdl\model.h(202): note: 'std::vector<RigidBodyDynamics::CustomJoint *,std::allocator<_Ty>>' 선언을 참조하십시오.
          with
          [
              _Ty=RigidBodyDynamics::CustomJoint *
          ]
c:\users\wonjae yun\yun_ws\panda_control_vrep_template\3rdparty\rbdl\include\rbdl\model.h(208): warning C4251: 'RigidBodyDynamics::Model::c': class 'std::vector<RigidBodyDynamics::Math::SpatialVector,std::allocator<_Ty>>'에서는 struct 'RigidBodyDynamics::Model'의 클라이언트에서 DLL 인터페이스를 사용하도록 지정해야 합니다.
          with
          [
              _Ty=RigidBodyDynamics::Math::SpatialVector
          ]
  c:\users\wonjae yun\yun_ws\panda_control_vrep_template\3rdparty\rbdl\include\rbdl\model.h(166): note: 'std::vector<RigidBodyDynamics::Math::SpatialVector,std::allocator<_Ty>>' 선언을 참조하십시오.
          with
          [
              _Ty=RigidBodyDynamics::Math::SpatialVector
          ]
c:\users\wonjae yun\yun_ws\panda_control_vrep_template\3rdparty\rbdl\include\rbdl\model.h(210): warning C4251: 'RigidBodyDynamics::Model::IA': class 'std::vector<RigidBodyDynamics::Math::SpatialMatrix,std::allocator<_Ty>>'에서는 struct 'RigidBodyDynamics::Model'의 클라이언트에서 DLL 인터페이스를 사용하도록 지정해야 합니다.
          with
          [
              _Ty=RigidBodyDynamics::Math::SpatialMatrix
          ]
  c:\users\wonjae yun\yun_ws\panda_control_vrep_template\3rdparty\rbdl\include\rbdl\model.h(210): note: 'std::vector<RigidBodyDynamics::Math::SpatialMatrix,std::allocator<_Ty>>' 선언을 참조하십시오.
          with
          [
              _Ty=RigidBodyDynamics::Math::SpatialMatrix
          ]
c:\users\wonjae yun\yun_ws\panda_control_vrep_template\3rdparty\rbdl\include\rbdl\model.h(212): warning C4251: 'RigidBodyDynamics::Model::pA': class 'std::vector<RigidBodyDynamics::Math::SpatialVector,std::allocator<_Ty>>'에서는 struct 'RigidBodyDynamics::Model'의 클라이언트에서 DLL 인터페이스를 사용하도록 지정해야 합니다.
          with
          [
              _Ty=RigidBodyDynamics::Math::SpatialVector
          ]
  c:\users\wonjae yun\yun_ws\panda_control_vrep_template\3rdparty\rbdl\include\rbdl\model.h(166): note: 'std::vector<RigidBodyDynamics::Math::SpatialVector,std::allocator<_Ty>>' 선언을 참조하십시오.
          with
          [
              _Ty=RigidBodyDynamics::Math::SpatialVector
          ]
c:\users\wonjae yun\yun_ws\panda_control_vrep_template\3rdparty\rbdl\include\rbdl\model.h(214): warning C4251: 'RigidBodyDynamics::Model::U': class 'std::vector<RigidBodyDynamics::Math::SpatialVector,std::allocator<_Ty>>'에서는 struct 'RigidBodyDynamics::Model'의 클라이언트에서 DLL 인터페이스를 사용하도록 지정해야 합니다.
          with
          [
              _Ty=RigidBodyDynamics::Math::SpatialVector
          ]
  c:\users\wonjae yun\yun_ws\panda_control_vrep_template\3rdparty\rbdl\include\rbdl\model.h(166): note: 'std::vector<RigidBodyDynamics::Math::SpatialVector,std::allocator<_Ty>>' 선언을 참조하십시오.
          with
          [
              _Ty=RigidBodyDynamics::Math::SpatialVector
          ]
c:\users\wonjae yun\yun_ws\panda_control_vrep_template\3rdparty\rbdl\include\rbdl\model.h(216): warning C4251: 'RigidBodyDynamics::Model::d': class 'Eigen::Matrix<double,-1,1,0,-1,1>'에서는 struct 'RigidBodyDynamics::Model'의 클라이언트에서 DLL 인터페이스를 사용하도록 지정해야 합니다.
  c:\users\wonjae yun\yun_ws\panda_control_vrep_template\3rdparty\eigen\eigen\src\core\matrix.h(451): note: 'Eigen::Matrix<double,-1,1,0,-1,1>' 선언을 참조하십시오.
c:\users\wonjae yun\yun_ws\panda_control_vrep_template\3rdparty\rbdl\include\rbdl\model.h(218): warning C4251: 'RigidBodyDynamics::Model::u': class 'Eigen::Matrix<double,-1,1,0,-1,1>'에서는 struct 'RigidBodyDynamics::Model'의 클라이언트에서 DLL 인터페이스를 사용하도록 지정해야 합니다.
  c:\users\wonjae yun\yun_ws\panda_control_vrep_template\3rdparty\eigen\eigen\src\core\matrix.h(451): note: 'Eigen::Matrix<double,-1,1,0,-1,1>' 선언을 참조하십시오.
c:\users\wonjae yun\yun_ws\panda_control_vrep_template\3rdparty\rbdl\include\rbdl\model.h(220): warning C4251: 'RigidBodyDynamics::Model::f': class 'std::vector<RigidBodyDynamics::Math::SpatialVector,std::allocator<_Ty>>'에서는 struct 'RigidBodyDynamics::Model'의 클라이언트에서 DLL 인터페이스를 사용하도록 지정해야 합니다.
          with
          [
              _Ty=RigidBodyDynamics::Math::SpatialVector
          ]
  c:\users\wonjae yun\yun_ws\panda_control_vrep_template\3rdparty\rbdl\include\rbdl\model.h(166): note: 'std::vector<RigidBodyDynamics::Math::SpatialVector,std::allocator<_Ty>>' 선언을 참조하십시오.
          with
          [
              _Ty=RigidBodyDynamics::Math::SpatialVector
          ]
c:\users\wonjae yun\yun_ws\panda_control_vrep_template\3rdparty\rbdl\include\rbdl\model.h(223): warning C4251: 'RigidBodyDynamics::Model::I': class 'std::vector<RigidBodyDynamics::Math::SpatialRigidBodyInertia,std::allocator<_Ty>>'에서는 struct 'RigidBodyDynamics::Model'의 클라이언트에서 DLL 인터페이스를 사용하도록 지정해야 합니다.
          with
          [
              _Ty=RigidBodyDynamics::Math::SpatialRigidBodyInertia
          ]
  c:\users\wonjae yun\yun_ws\panda_control_vrep_template\3rdparty\rbdl\include\rbdl\model.h(223): note: 'std::vector<RigidBodyDynamics::Math::SpatialRigidBodyInertia,std::allocator<_Ty>>' 선언을 참조하십시오.
          with
          [
              _Ty=RigidBodyDynamics::Math::SpatialRigidBodyInertia
          ]
c:\users\wonjae yun\yun_ws\panda_control_vrep_template\3rdparty\rbdl\include\rbdl\model.h(224): warning C4251: 'RigidBodyDynamics::Model::Ic': class 'std::vector<RigidBodyDynamics::Math::SpatialRigidBodyInertia,std::allocator<_Ty>>'에서는 struct 'RigidBodyDynamics::Model'의 클라이언트에서 DLL 인터페이스를 사용하도록 지정해야 합니다.
          with
          [
              _Ty=RigidBodyDynamics::Math::SpatialRigidBodyInertia
          ]
  c:\users\wonjae yun\yun_ws\panda_control_vrep_template\3rdparty\rbdl\include\rbdl\model.h(223): note: 'std::vector<RigidBodyDynamics::Math::SpatialRigidBodyInertia,std::allocator<_Ty>>' 선언을 참조하십시오.
          with
          [
              _Ty=RigidBodyDynamics::Math::SpatialRigidBodyInertia
          ]
c:\users\wonjae yun\yun_ws\panda_control_vrep_template\3rdparty\rbdl\include\rbdl\model.h(225): warning C4251: 'RigidBodyDynamics::Model::hc': class 'std::vector<RigidBodyDynamics::Math::SpatialVector,std::allocator<_Ty>>'에서는 struct 'RigidBodyDynamics::Model'의 클라이언트에서 DLL 인터페이스를 사용하도록 지정해야 합니다.
          with
          [
              _Ty=RigidBodyDynamics::Math::SpatialVector
          ]
  c:\users\wonjae yun\yun_ws\panda_control_vrep_template\3rdparty\rbdl\include\rbdl\model.h(166): note: 'std::vector<RigidBodyDynamics::Math::SpatialVector,std::allocator<_Ty>>' 선언을 참조하십시오.
          with
          [
              _Ty=RigidBodyDynamics::Math::SpatialVector
          ]
c:\users\wonjae yun\yun_ws\panda_control_vrep_template\3rdparty\rbdl\include\rbdl\model.h(235): warning C4251: 'RigidBodyDynamics::Model::X_lambda': class 'std::vector<RigidBodyDynamics::Math::SpatialTransform,std::allocator<_Ty>>'에서는 struct 'RigidBodyDynamics::Model'의 클라이언트에서 DLL 인터페이스를 사용하도록 지정해야 합니다.
          with
          [
              _Ty=RigidBodyDynamics::Math::SpatialTransform
          ]
  c:\users\wonjae yun\yun_ws\panda_control_vrep_template\3rdparty\rbdl\include\rbdl\model.h(180): note: 'std::vector<RigidBodyDynamics::Math::SpatialTransform,std::allocator<_Ty>>' 선언을 참조하십시오.
          with
          [
              _Ty=RigidBodyDynamics::Math::SpatialTransform
          ]
c:\users\wonjae yun\yun_ws\panda_control_vrep_template\3rdparty\rbdl\include\rbdl\model.h(237): warning C4251: 'RigidBodyDynamics::Model::X_base': class 'std::vector<RigidBodyDynamics::Math::SpatialTransform,std::allocator<_Ty>>'에서는 struct 'RigidBodyDynamics::Model'의 클라이언트에서 DLL 인터페이스를 사용하도록 지정해야 합니다.
          with
          [
              _Ty=RigidBodyDynamics::Math::SpatialTransform
          ]
  c:\users\wonjae yun\yun_ws\panda_control_vrep_template\3rdparty\rbdl\include\rbdl\model.h(180): note: 'std::vector<RigidBodyDynamics::Math::SpatialTransform,std::allocator<_Ty>>' 선언을 참조하십시오.
          with
          [
              _Ty=RigidBodyDynamics::Math::SpatialTransform
          ]
c:\users\wonjae yun\yun_ws\panda_control_vrep_template\3rdparty\rbdl\include\rbdl\model.h(240): warning C4251: 'RigidBodyDynamics::Model::mFixedBodies': class 'std::vector<RigidBodyDynamics::FixedBody,std::allocator<_Ty>>'에서는 struct 'RigidBodyDynamics::Model'의 클라이언트에서 DLL 인터페이스를 사용하도록 지정해야 합니다.
          with
          [
              _Ty=RigidBodyDynamics::FixedBody
          ]
  c:\users\wonjae yun\yun_ws\panda_control_vrep_template\3rdparty\rbdl\include\rbdl\model.h(240): note: 'std::vector<RigidBodyDynamics::FixedBody,std::allocator<_Ty>>' 선언을 참조하십시오.
          with
          [
              _Ty=RigidBodyDynamics::FixedBody
          ]
c:\users\wonjae yun\yun_ws\panda_control_vrep_template\3rdparty\rbdl\include\rbdl\model.h(262): warning C4251: 'RigidBodyDynamics::Model::mBodies': class 'std::vector<RigidBodyDynamics::Body,std::allocator<_Ty>>'에서는 struct 'RigidBodyDynamics::Model'의 클라이언트에서 DLL 인터페이스를 사용하도록 지정해야 합니다.
          with
          [
              _Ty=RigidBodyDynamics::Body
          ]
  c:\users\wonjae yun\yun_ws\panda_control_vrep_template\3rdparty\rbdl\include\rbdl\model.h(262): note: 'std::vector<RigidBodyDynamics::Body,std::allocator<_Ty>>' 선언을 참조하십시오.
          with
          [
              _Ty=RigidBodyDynamics::Body
          ]
c:\users\wonjae yun\yun_ws\panda_control_vrep_template\3rdparty\rbdl\include\rbdl\model.h(265): warning C4251: 'RigidBodyDynamics::Model::mBodyNameMap': class 'std::map<std::string,unsigned int,std::less<_Kty>,std::allocator<std::pair<const _Kty,_Ty>>>'에서는 struct 'RigidBodyDynamics::Model'의 클라이언트에서 DLL 인터페이스를 사용하도록 지정해야 합니다.
          with
          [
              _Kty=std::string,
              _Ty=unsigned int
          ]
  c:\users\wonjae yun\yun_ws\panda_control_vrep_template\3rdparty\rbdl\include\rbdl\model.h(265): note: 'std::map<std::string,unsigned int,std::less<_Kty>,std::allocator<std::pair<const _Kty,_Ty>>>' 선언을 참조하십시오.
          with
          [
              _Kty=std::string,
              _Ty=unsigned int
          ]
c:\users\wonjae yun\yun_ws\panda_control_vrep_template\3rdparty\rbdl\include\rbdl\contacts.h(226): warning C4251: 'RigidBodyDynamics::ConstraintSet::name': class 'std::vector<std::string,std::allocator<_Ty>>'에서는 struct 'RigidBodyDynamics::ConstraintSet'의 클라이언트에서 DLL 인터페이스를 사용하도록 지정해야 합니다.
          with
          [
              _Ty=std::string
          ]
  c:\users\wonjae yun\yun_ws\panda_control_vrep_template\3rdparty\rbdl\include\rbdl\contacts.h(226): note: 'std::vector<std::string,std::allocator<_Ty>>' 선언을 참조하십시오.
          with
          [
              _Ty=std::string
          ]
c:\users\wonjae yun\yun_ws\panda_control_vrep_template\3rdparty\rbdl\include\rbdl\contacts.h(227): warning C4251: 'RigidBodyDynamics::ConstraintSet::body': class 'std::vector<unsigned int,std::allocator<_Ty>>'에서는 struct 'RigidBodyDynamics::ConstraintSet'의 클라이언트에서 DLL 인터페이스를 사용하도록 지정해야 합니다.
          with
          [
              _Ty=unsigned int
          ]
  c:\users\wonjae yun\yun_ws\panda_control_vrep_template\3rdparty\rbdl\include\rbdl\model.h(127): note: 'std::vector<unsigned int,std::allocator<_Ty>>' 선언을 참조하십시오.
          with
          [
              _Ty=unsigned int
          ]
c:\users\wonjae yun\yun_ws\panda_control_vrep_template\3rdparty\rbdl\include\rbdl\contacts.h(228): warning C4251: 'RigidBodyDynamics::ConstraintSet::point': class 'std::vector<RigidBodyDynamics::Math::Vector3d,std::allocator<_Ty>>'에서는 struct 'RigidBodyDynamics::ConstraintSet'의 클라이언트에서 DLL 인터페이스를 사용하도록 지정해야 합니다.
          with
          [
              _Ty=RigidBodyDynamics::Math::Vector3d
          ]
  c:\users\wonjae yun\yun_ws\panda_control_vrep_template\3rdparty\rbdl\include\rbdl\model.h(199): note: 'std::vector<RigidBodyDynamics::Math::Vector3d,std::allocator<_Ty>>' 선언을 참조하십시오.
          with
          [
              _Ty=RigidBodyDynamics::Math::Vector3d
          ]
c:\users\wonjae yun\yun_ws\panda_control_vrep_template\3rdparty\rbdl\include\rbdl\contacts.h(229): warning C4251: 'RigidBodyDynamics::ConstraintSet::normal': class 'std::vector<RigidBodyDynamics::Math::Vector3d,std::allocator<_Ty>>'에서는 struct 'RigidBodyDynamics::ConstraintSet'의 클라이언트에서 DLL 인터페이스를 사용하도록 지정해야 합니다.
          with
          [
              _Ty=RigidBodyDynamics::Math::Vector3d
          ]
  c:\users\wonjae yun\yun_ws\panda_control_vrep_template\3rdparty\rbdl\include\rbdl\model.h(199): note: 'std::vector<RigidBodyDynamics::Math::Vector3d,std::allocator<_Ty>>' 선언을 참조하십시오.
          with
          [
              _Ty=RigidBodyDynamics::Math::Vector3d
          ]
c:\users\wonjae yun\yun_ws\panda_control_vrep_template\3rdparty\rbdl\include\rbdl\contacts.h(233): warning C4251: 'RigidBodyDynamics::ConstraintSet::acceleration': class 'Eigen::Matrix<double,-1,1,0,-1,1>'에서는 struct 'RigidBodyDynamics::ConstraintSet'의 클라이언트에서 DLL 인터페이스를 사용하도록 지정해야 합니다.
  c:\users\wonjae yun\yun_ws\panda_control_vrep_template\3rdparty\eigen\eigen\src\core\matrix.h(451): note: 'Eigen::Matrix<double,-1,1,0,-1,1>' 선언을 참조하십시오.
c:\users\wonjae yun\yun_ws\panda_control_vrep_template\3rdparty\rbdl\include\rbdl\contacts.h(235): warning C4251: 'RigidBodyDynamics::ConstraintSet::force': class 'Eigen::Matrix<double,-1,1,0,-1,1>'에서는 struct 'RigidBodyDynamics::ConstraintSet'의 클라이언트에서 DLL 인터페이스를 사용하도록 지정해야 합니다.
  c:\users\wonjae yun\yun_ws\panda_control_vrep_template\3rdparty\eigen\eigen\src\core\matrix.h(451): note: 'Eigen::Matrix<double,-1,1,0,-1,1>' 선언을 참조하십시오.
c:\users\wonjae yun\yun_ws\panda_control_vrep_template\3rdparty\rbdl\include\rbdl\contacts.h(237): warning C4251: 'RigidBodyDynamics::ConstraintSet::impulse': class 'Eigen::Matrix<double,-1,1,0,-1,1>'에서는 struct 'RigidBodyDynamics::ConstraintSet'의 클라이언트에서 DLL 인터페이스를 사용하도록 지정해야 합니다.
  c:\users\wonjae yun\yun_ws\panda_control_vrep_template\3rdparty\eigen\eigen\src\core\matrix.h(451): note: 'Eigen::Matrix<double,-1,1,0,-1,1>' 선언을 참조하십시오.
c:\users\wonjae yun\yun_ws\panda_control_vrep_template\3rdparty\rbdl\include\rbdl\contacts.h(240): warning C4251: 'RigidBodyDynamics::ConstraintSet::v_plus': class 'Eigen::Matrix<double,-1,1,0,-1,1>'에서는 struct 'RigidBodyDynamics::ConstraintSet'의 클라이언트에서 DLL 인터페이스를 사용하도록 지정해야 합니다.
  c:\users\wonjae yun\yun_ws\panda_control_vrep_template\3rdparty\eigen\eigen\src\core\matrix.h(451): note: 'Eigen::Matrix<double,-1,1,0,-1,1>' 선언을 참조하십시오.
c:\users\wonjae yun\yun_ws\panda_control_vrep_template\3rdparty\rbdl\include\rbdl\contacts.h(245): warning C4251: 'RigidBodyDynamics::ConstraintSet::H': class 'Eigen::Matrix<double,-1,-1,0,-1,-1>'에서는 struct 'RigidBodyDynamics::ConstraintSet'의 클라이언트에서 DLL 인터페이스를 사용하도록 지정해야 합니다.
  c:\users\wonjae yun\yun_ws\panda_control_vrep_template\3rdparty\eigen\eigen\src\core\matrix.h(451): note: 'Eigen::Matrix<double,-1,-1,0,-1,-1>' 선언을 참조하십시오.
c:\users\wonjae yun\yun_ws\panda_control_vrep_template\3rdparty\rbdl\include\rbdl\contacts.h(247): warning C4251: 'RigidBodyDynamics::ConstraintSet::C': class 'Eigen::Matrix<double,-1,1,0,-1,1>'에서는 struct 'RigidBodyDynamics::ConstraintSet'의 클라이언트에서 DLL 인터페이스를 사용하도록 지정해야 합니다.
  c:\users\wonjae yun\yun_ws\panda_control_vrep_template\3rdparty\eigen\eigen\src\core\matrix.h(451): note: 'Eigen::Matrix<double,-1,1,0,-1,1>' 선언을 참조하십시오.
c:\users\wonjae yun\yun_ws\panda_control_vrep_template\3rdparty\rbdl\include\rbdl\contacts.h(249): warning C4251: 'RigidBodyDynamics::ConstraintSet::gamma': class 'Eigen::Matrix<double,-1,1,0,-1,1>'에서는 struct 'RigidBodyDynamics::ConstraintSet'의 클라이언트에서 DLL 인터페이스를 사용하도록 지정해야 합니다.
  c:\users\wonjae yun\yun_ws\panda_control_vrep_template\3rdparty\eigen\eigen\src\core\matrix.h(451): note: 'Eigen::Matrix<double,-1,1,0,-1,1>' 선언을 참조하십시오.
c:\users\wonjae yun\yun_ws\panda_control_vrep_template\3rdparty\rbdl\include\rbdl\contacts.h(250): warning C4251: 'RigidBodyDynamics::ConstraintSet::G': class 'Eigen::Matrix<double,-1,-1,0,-1,-1>'에서는 struct 'RigidBodyDynamics::ConstraintSet'의 클라이언트에서 DLL 인터페이스를 사용하도록 지정해야 합니다.
  c:\users\wonjae yun\yun_ws\panda_control_vrep_template\3rdparty\eigen\eigen\src\core\matrix.h(451): note: 'Eigen::Matrix<double,-1,-1,0,-1,-1>' 선언을 참조하십시오.
c:\users\wonjae yun\yun_ws\panda_control_vrep_template\3rdparty\rbdl\include\rbdl\contacts.h(252): warning C4251: 'RigidBodyDynamics::ConstraintSet::A': class 'Eigen::Matrix<double,-1,-1,0,-1,-1>'에서는 struct 'RigidBodyDynamics::ConstraintSet'의 클라이언트에서 DLL 인터페이스를 사용하도록 지정해야 합니다.
  c:\users\wonjae yun\yun_ws\panda_control_vrep_template\3rdparty\eigen\eigen\src\core\matrix.h(451): note: 'Eigen::Matrix<double,-1,-1,0,-1,-1>' 선언을 참조하십시오.
c:\users\wonjae yun\yun_ws\panda_control_vrep_template\3rdparty\rbdl\include\rbdl\contacts.h(254): warning C4251: 'RigidBodyDynamics::ConstraintSet::b': class 'Eigen::Matrix<double,-1,1,0,-1,1>'에서는 struct 'RigidBodyDynamics::ConstraintSet'의 클라이언트에서 DLL 인터페이스를 사용하도록 지정해야 합니다.
  c:\users\wonjae yun\yun_ws\panda_control_vrep_template\3rdparty\eigen\eigen\src\core\matrix.h(451): note: 'Eigen::Matrix<double,-1,1,0,-1,1>' 선언을 참조하십시오.
c:\users\wonjae yun\yun_ws\panda_control_vrep_template\3rdparty\rbdl\include\rbdl\contacts.h(256): warning C4251: 'RigidBodyDynamics::ConstraintSet::x': class 'Eigen::Matrix<double,-1,1,0,-1,1>'에서는 struct 'RigidBodyDynamics::ConstraintSet'의 클라이언트에서 DLL 인터페이스를 사용하도록 지정해야 합니다.
  c:\users\wonjae yun\yun_ws\panda_control_vrep_template\3rdparty\eigen\eigen\src\core\matrix.h(451): note: 'Eigen::Matrix<double,-1,1,0,-1,1>' 선언을 참조하십시오.
c:\users\wonjae yun\yun_ws\panda_control_vrep_template\3rdparty\rbdl\include\rbdl\contacts.h(262): warning C4251: 'RigidBodyDynamics::ConstraintSet::GT_qr': class 'Eigen::HouseholderQR<Eigen::Matrix<double,-1,-1,0,-1,-1>>'에서는 struct 'RigidBodyDynamics::ConstraintSet'의 클라이언트에서 DLL 인터페이스를 사용하도록 지정해야 합니다.
  c:\users\wonjae yun\yun_ws\panda_control_vrep_template\3rdparty\eigen\eigen\src\core\matrixbase.h(353): note: 'Eigen::HouseholderQR<Eigen::Matrix<double,-1,-1,0,-1,-1>>' 선언을 참조하십시오.
c:\users\wonjae yun\yun_ws\panda_control_vrep_template\3rdparty\rbdl\include\rbdl\contacts.h(265): warning C4251: 'RigidBodyDynamics::ConstraintSet::GT_qr_Q': class 'Eigen::Matrix<double,-1,-1,0,-1,-1>'에서는 struct 'RigidBodyDynamics::ConstraintSet'의 클라이언트에서 DLL 인터페이스를 사용하도록 지정해야 합니다.
  c:\users\wonjae yun\yun_ws\panda_control_vrep_template\3rdparty\eigen\eigen\src\core\matrix.h(451): note: 'Eigen::Matrix<double,-1,-1,0,-1,-1>' 선언을 참조하십시오.
c:\users\wonjae yun\yun_ws\panda_control_vrep_template\3rdparty\rbdl\include\rbdl\contacts.h(266): warning C4251: 'RigidBodyDynamics::ConstraintSet::Y': class 'Eigen::Matrix<double,-1,-1,0,-1,-1>'에서는 struct 'RigidBodyDynamics::ConstraintSet'의 클라이언트에서 DLL 인터페이스를 사용하도록 지정해야 합니다.
  c:\users\wonjae yun\yun_ws\panda_control_vrep_template\3rdparty\eigen\eigen\src\core\matrix.h(451): note: 'Eigen::Matrix<double,-1,-1,0,-1,-1>' 선언을 참조하십시오.
c:\users\wonjae yun\yun_ws\panda_control_vrep_template\3rdparty\rbdl\include\rbdl\contacts.h(267): warning C4251: 'RigidBodyDynamics::ConstraintSet::Z': class 'Eigen::Matrix<double,-1,-1,0,-1,-1>'에서는 struct 'RigidBodyDynamics::ConstraintSet'의 클라이언트에서 DLL 인터페이스를 사용하도록 지정해야 합니다.
  c:\users\wonjae yun\yun_ws\panda_control_vrep_template\3rdparty\eigen\eigen\src\core\matrix.h(451): note: 'Eigen::Matrix<double,-1,-1,0,-1,-1>' 선언을 참조하십시오.
c:\users\wonjae yun\yun_ws\panda_control_vrep_template\3rdparty\rbdl\include\rbdl\contacts.h(268): warning C4251: 'RigidBodyDynamics::ConstraintSet::qddot_y': class 'Eigen::Matrix<double,-1,1,0,-1,1>'에서는 struct 'RigidBodyDynamics::ConstraintSet'의 클라이언트에서 DLL 인터페이스를 사용하도록 지정해야 합니다.
  c:\users\wonjae yun\yun_ws\panda_control_vrep_template\3rdparty\eigen\eigen\src\core\matrix.h(451): note: 'Eigen::Matrix<double,-1,1,0,-1,1>' 선언을 참조하십시오.
c:\users\wonjae yun\yun_ws\panda_control_vrep_template\3rdparty\rbdl\include\rbdl\contacts.h(269): warning C4251: 'RigidBodyDynamics::ConstraintSet::qddot_z': class 'Eigen::Matrix<double,-1,1,0,-1,1>'에서는 struct 'RigidBodyDynamics::ConstraintSet'의 클라이언트에서 DLL 인터페이스를 사용하도록 지정해야 합니다.
  c:\users\wonjae yun\yun_ws\panda_control_vrep_template\3rdparty\eigen\eigen\src\core\matrix.h(451): note: 'Eigen::Matrix<double,-1,1,0,-1,1>' 선언을 참조하십시오.
c:\users\wonjae yun\yun_ws\panda_control_vrep_template\3rdparty\rbdl\include\rbdl\contacts.h(274): warning C4251: 'RigidBodyDynamics::ConstraintSet::K': class 'Eigen::Matrix<double,-1,-1,0,-1,-1>'에서는 struct 'RigidBodyDynamics::ConstraintSet'의 클라이언트에서 DLL 인터페이스를 사용하도록 지정해야 합니다.
  c:\users\wonjae yun\yun_ws\panda_control_vrep_template\3rdparty\eigen\eigen\src\core\matrix.h(451): note: 'Eigen::Matrix<double,-1,-1,0,-1,-1>' 선언을 참조하십시오.
c:\users\wonjae yun\yun_ws\panda_control_vrep_template\3rdparty\rbdl\include\rbdl\contacts.h(276): warning C4251: 'RigidBodyDynamics::ConstraintSet::a': class 'Eigen::Matrix<double,-1,1,0,-1,1>'에서는 struct 'RigidBodyDynamics::ConstraintSet'의 클라이언트에서 DLL 인터페이스를 사용하도록 지정해야 합니다.
  c:\users\wonjae yun\yun_ws\panda_control_vrep_template\3rdparty\eigen\eigen\src\core\matrix.h(451): note: 'Eigen::Matrix<double,-1,1,0,-1,1>' 선언을 참조하십시오.
c:\users\wonjae yun\yun_ws\panda_control_vrep_template\3rdparty\rbdl\include\rbdl\contacts.h(278): warning C4251: 'RigidBodyDynamics::ConstraintSet::QDDot_t': class 'Eigen::Matrix<double,-1,1,0,-1,1>'에서는 struct 'RigidBodyDynamics::ConstraintSet'의 클라이언트에서 DLL 인터페이스를 사용하도록 지정해야 합니다.
  c:\users\wonjae yun\yun_ws\panda_control_vrep_template\3rdparty\eigen\eigen\src\core\matrix.h(451): note: 'Eigen::Matrix<double,-1,1,0,-1,1>' 선언을 참조하십시오.
c:\users\wonjae yun\yun_ws\panda_control_vrep_template\3rdparty\rbdl\include\rbdl\contacts.h(280): warning C4251: 'RigidBodyDynamics::ConstraintSet::QDDot_0': class 'Eigen::Matrix<double,-1,1,0,-1,1>'에서는 struct 'RigidBodyDynamics::ConstraintSet'의 클라이언트에서 DLL 인터페이스를 사용하도록 지정해야 합니다.
  c:\users\wonjae yun\yun_ws\panda_control_vrep_template\3rdparty\eigen\eigen\src\core\matrix.h(451): note: 'Eigen::Matrix<double,-1,1,0,-1,1>' 선언을 참조하십시오.
c:\users\wonjae yun\yun_ws\panda_control_vrep_template\3rdparty\rbdl\include\rbdl\contacts.h(282): warning C4251: 'RigidBodyDynamics::ConstraintSet::f_t': class 'std::vector<RigidBodyDynamics::Math::SpatialVector,std::allocator<_Ty>>'에서는 struct 'RigidBodyDynamics::ConstraintSet'의 클라이언트에서 DLL 인터페이스를 사용하도록 지정해야 합니다.
          with
          [
              _Ty=RigidBodyDynamics::Math::SpatialVector
          ]
  c:\users\wonjae yun\yun_ws\panda_control_vrep_template\3rdparty\rbdl\include\rbdl\model.h(166): note: 'std::vector<RigidBodyDynamics::Math::SpatialVector,std::allocator<_Ty>>' 선언을 참조하십시오.
          with
          [
              _Ty=RigidBodyDynamics::Math::SpatialVector
          ]
c:\users\wonjae yun\yun_ws\panda_control_vrep_template\3rdparty\rbdl\include\rbdl\contacts.h(284): warning C4251: 'RigidBodyDynamics::ConstraintSet::f_ext_constraints': class 'std::vector<RigidBodyDynamics::Math::SpatialVector,std::allocator<_Ty>>'에서는 struct 'RigidBodyDynamics::ConstraintSet'의 클라이언트에서 DLL 인터페이스를 사용하도록 지정해야 합니다.
          with
          [
              _Ty=RigidBodyDynamics::Math::SpatialVector
          ]
  c:\users\wonjae yun\yun_ws\panda_control_vrep_template\3rdparty\rbdl\include\rbdl\model.h(166): note: 'std::vector<RigidBodyDynamics::Math::SpatialVector,std::allocator<_Ty>>' 선언을 참조하십시오.
          with
          [
              _Ty=RigidBodyDynamics::Math::SpatialVector
          ]
c:\users\wonjae yun\yun_ws\panda_control_vrep_template\3rdparty\rbdl\include\rbdl\contacts.h(286): warning C4251: 'RigidBodyDynamics::ConstraintSet::point_accel_0': class 'std::vector<RigidBodyDynamics::Math::Vector3d,std::allocator<_Ty>>'에서는 struct 'RigidBodyDynamics::ConstraintSet'의 클라이언트에서 DLL 인터페이스를 사용하도록 지정해야 합니다.
          with
          [
              _Ty=RigidBodyDynamics::Math::Vector3d
          ]
  c:\users\wonjae yun\yun_ws\panda_control_vrep_template\3rdparty\rbdl\include\rbdl\model.h(199): note: 'std::vector<RigidBodyDynamics::Math::Vector3d,std::allocator<_Ty>>' 선언을 참조하십시오.
          with
          [
              _Ty=RigidBodyDynamics::Math::Vector3d
          ]
c:\users\wonjae yun\yun_ws\panda_control_vrep_template\3rdparty\rbdl\include\rbdl\contacts.h(289): warning C4251: 'RigidBodyDynamics::ConstraintSet::d_pA': class 'std::vector<RigidBodyDynamics::Math::SpatialVector,std::allocator<_Ty>>'에서는 struct 'RigidBodyDynamics::ConstraintSet'의 클라이언트에서 DLL 인터페이스를 사용하도록 지정해야 합니다.
          with
          [
              _Ty=RigidBodyDynamics::Math::SpatialVector
          ]
  c:\users\wonjae yun\yun_ws\panda_control_vrep_template\3rdparty\rbdl\include\rbdl\model.h(166): note: 'std::vector<RigidBodyDynamics::Math::SpatialVector,std::allocator<_Ty>>' 선언을 참조하십시오.
          with
          [
              _Ty=RigidBodyDynamics::Math::SpatialVector
          ]
c:\users\wonjae yun\yun_ws\panda_control_vrep_template\3rdparty\rbdl\include\rbdl\contacts.h(291): warning C4251: 'RigidBodyDynamics::ConstraintSet::d_a': class 'std::vector<RigidBodyDynamics::Math::SpatialVector,std::allocator<_Ty>>'에서는 struct 'RigidBodyDynamics::ConstraintSet'의 클라이언트에서 DLL 인터페이스를 사용하도록 지정해야 합니다.
          with
          [
              _Ty=RigidBodyDynamics::Math::SpatialVector
          ]
  c:\users\wonjae yun\yun_ws\panda_control_vrep_template\3rdparty\rbdl\include\rbdl\model.h(166): note: 'std::vector<RigidBodyDynamics::Math::SpatialVector,std::allocator<_Ty>>' 선언을 참조하십시오.
          with
          [
              _Ty=RigidBodyDynamics::Math::SpatialVector
          ]
c:\users\wonjae yun\yun_ws\panda_control_vrep_template\3rdparty\rbdl\include\rbdl\contacts.h(292): warning C4251: 'RigidBodyDynamics::ConstraintSet::d_u': class 'Eigen::Matrix<double,-1,1,0,-1,1>'에서는 struct 'RigidBodyDynamics::ConstraintSet'의 클라이언트에서 DLL 인터페이스를 사용하도록 지정해야 합니다.
  c:\users\wonjae yun\yun_ws\panda_control_vrep_template\3rdparty\eigen\eigen\src\core\matrix.h(451): note: 'Eigen::Matrix<double,-1,1,0,-1,1>' 선언을 참조하십시오.
c:\users\wonjae yun\yun_ws\panda_control_vrep_template\3rdparty\rbdl\include\rbdl\contacts.h(295): warning C4251: 'RigidBodyDynamics::ConstraintSet::d_IA': class 'std::vector<RigidBodyDynamics::Math::SpatialMatrix,std::allocator<_Ty>>'에서는 struct 'RigidBodyDynamics::ConstraintSet'의 클라이언트에서 DLL 인터페이스를 사용하도록 지정해야 합니다.
          with
          [
              _Ty=RigidBodyDynamics::Math::SpatialMatrix
          ]
  c:\users\wonjae yun\yun_ws\panda_control_vrep_template\3rdparty\rbdl\include\rbdl\model.h(210): note: 'std::vector<RigidBodyDynamics::Math::SpatialMatrix,std::allocator<_Ty>>' 선언을 참조하십시오.
          with
          [
              _Ty=RigidBodyDynamics::Math::SpatialMatrix
          ]
c:\users\wonjae yun\yun_ws\panda_control_vrep_template\3rdparty\rbdl\include\rbdl\contacts.h(297): warning C4251: 'RigidBodyDynamics::ConstraintSet::d_U': class 'std::vector<RigidBodyDynamics::Math::SpatialVector,std::allocator<_Ty>>'에서는 struct 'RigidBodyDynamics::ConstraintSet'의 클라이언트에서 DLL 인터페이스를 사용하도록 지정해야 합니다.
          with
          [
              _Ty=RigidBodyDynamics::Math::SpatialVector
          ]
  c:\users\wonjae yun\yun_ws\panda_control_vrep_template\3rdparty\rbdl\include\rbdl\model.h(166): note: 'std::vector<RigidBodyDynamics::Math::SpatialVector,std::allocator<_Ty>>' 선언을 참조하십시오.
          with
          [
              _Ty=RigidBodyDynamics::Math::SpatialVector
          ]
c:\users\wonjae yun\yun_ws\panda_control_vrep_template\3rdparty\rbdl\include\rbdl\contacts.h(299): warning C4251: 'RigidBodyDynamics::ConstraintSet::d_d': class 'Eigen::Matrix<double,-1,1,0,-1,1>'에서는 struct 'RigidBodyDynamics::ConstraintSet'의 클라이언트에서 DLL 인터페이스를 사용하도록 지정해야 합니다.
  c:\users\wonjae yun\yun_ws\panda_control_vrep_template\3rdparty\eigen\eigen\src\core\matrix.h(451): note: 'Eigen::Matrix<double,-1,1,0,-1,1>' 선언을 참조하십시오.
c:\users\wonjae yun\yun_ws\panda_control_vrep_template\3rdparty\rbdl\include\rbdl\contacts.h(301): warning C4251: 'RigidBodyDynamics::ConstraintSet::d_multdof3_u': class 'std::vector<RigidBodyDynamics::Math::Vector3d,std::allocator<_Ty>>'에서는 struct 'RigidBodyDynamics::ConstraintSet'의 클라이언트에서 DLL 인터페이스를 사용하도록 지정해야 합니다.
          with
          [
              _Ty=RigidBodyDynamics::Math::Vector3d
          ]
  c:\users\wonjae yun\yun_ws\panda_control_vrep_template\3rdparty\rbdl\include\rbdl\model.h(199): note: 'std::vector<RigidBodyDynamics::Math::Vector3d,std::allocator<_Ty>>' 선언을 참조하십시오.
          with
          [
              _Ty=RigidBodyDynamics::Math::Vector3d
          ]
     C:\Users\WonJae Yun\yun_ws\panda_control_vrep_template\x64\Release\panda_control_vrep.lib 라이브러리 및 C:\Users\WonJae Yun\yun_ws\panda_control_vrep_template\x64\Release\panda_control_vrep.exp 개체를 생성하고 있습니다.
  코드를 생성하고 있습니다.
  21 of 13652 functions ( 0.2%) were compiled, the rest were copied from previous compilation.
    0 functions were new in current compilation
    65 functions had inline decision re-evaluated but remain unchanged
  코드를 생성했습니다.
  panda_control_vrep.vcxproj -> C:\Users\WonJae Yun\yun_ws\panda_control_vrep_template\x64\Release\panda_control_vrep.exe
